<?xml version="1.0" encoding="UTF-8"?>
<!-- Generated by org.testng.reporters.JUnitReportReporter -->
<testsuite hostname="LAPTOP-PF17CLMF" failures="0" tests="7" name="restAssured.restAssured.Assignment" time="15.976" errors="0" timestamp="2022-05-24T16:39:56 IST" skipped="0">
  <testcase classname="restAssured.restAssured.Assignment" name="testcase7" time="1.835"/>
  <system-out/>
  <testcase classname="restAssured.restAssured.Assignment" name="testcase6" time="1.541"/>
  <system-out/>
  <testcase classname="restAssured.restAssured.Assignment" name="testcase4" time="1.711"/>
  <system-out/>
  <testcase classname="restAssured.restAssured.Assignment" name="testcase5" time="2.343"/>
  <system-out/>
  <testcase classname="restAssured.restAssured.Assignment" name="testcase2" time="1.939"/>
  <system-out/>
  <testcase classname="restAssured.restAssured.Assignment" name="testcase1" time="4.844"/>
  <system-out/>
  <testcase classname="restAssured.restAssured.Assignment" name="testcase3" time="1.763"/>
  <system-out/>
</testsuite> <!-- restAssured.restAssured.Assignment -->
