<?xml version="1.0" encoding="UTF-8"?>
<!-- Generated by org.testng.reporters.JUnitReportReporter -->
<testsuite hostname="LAPTOP-PF17CLMF" failures="0" tests="5" name="restAssured.restAssured.Sampletest" time="1.541" errors="0" timestamp="2022-05-17T12:23:12 IST" skipped="4">
  <testcase classname="restAssured.restAssured.Sampletest" name="testcase5" time="1.541"/>
  <system-out/>
  <testcase classname="restAssured.restAssured.Sampletest" name="testcase4">
    <skipped/>
  </testcase> <!-- testcase4 -->
  <system-out/>
  <testcase classname="restAssured.restAssured.Sampletest" name="testcase2">
    <skipped/>
  </testcase> <!-- testcase2 -->
  <system-out/>
  <testcase classname="restAssured.restAssured.Sampletest" name="testcase3">
    <skipped/>
  </testcase> <!-- testcase3 -->
  <system-out/>
  <testcase classname="restAssured.restAssured.Sampletest" name="testcase1">
    <skipped/>
  </testcase> <!-- testcase1 -->
  <system-out/>
</testsuite> <!-- restAssured.restAssured.Sampletest -->
