<?xml version="1.0" encoding="UTF-8"?>
<!-- Generated by org.testng.reporters.JUnitReportReporter -->
<testsuite hostname="LAPTOP-PF17CLMF" failures="0" tests="3" name="restAssured.restAssured.Assignment" time="5.088" errors="0" timestamp="2022-05-24T15:52:56 IST" skipped="2">
  <testcase classname="restAssured.restAssured.Assignment" name="testcase3" time="5.088"/>
  <system-out/>
  <testcase classname="restAssured.restAssured.Assignment" name="testcase2">
    <skipped/>
  </testcase> <!-- testcase2 -->
  <system-out/>
  <testcase classname="restAssured.restAssured.Assignment" name="testcase1">
    <skipped/>
  </testcase> <!-- testcase1 -->
  <system-out/>
</testsuite> <!-- restAssured.restAssured.Assignment -->
