<?xml version="1.0" encoding="UTF-8"?>
<!-- Generated by org.testng.reporters.JUnitReportReporter -->
<testsuite hostname="LAPTOP-PF17CLMF" failures="0" tests="7" name="restAssured.restAssured.Assignment" time="14.201" errors="0" timestamp="2022-05-24T16:44:07 IST" skipped="0">
  <testcase classname="restAssured.restAssured.Assignment" name="testcase7" time="2.030"/>
  <system-out/>
  <testcase classname="restAssured.restAssured.Assignment" name="testcase6" time="1.701"/>
  <system-out/>
  <testcase classname="restAssured.restAssured.Assignment" name="testcase4" time="1.593"/>
  <system-out/>
  <testcase classname="restAssured.restAssured.Assignment" name="testcase5" time="1.546"/>
  <system-out/>
  <testcase classname="restAssured.restAssured.Assignment" name="testcase2" time="1.678"/>
  <system-out/>
  <testcase classname="restAssured.restAssured.Assignment" name="testcase1" time="4.162"/>
  <system-out/>
  <testcase classname="restAssured.restAssured.Assignment" name="testcase3" time="1.491"/>
  <system-out/>
</testsuite> <!-- restAssured.restAssured.Assignment -->
